-------------------------------------------------------------------------------
Test set: CucumberTest
-------------------------------------------------------------------------------
Tests run: 1, Failures: 0, Errors: 1, Skipped: 0, Time elapsed: 4.403 s <<< FAILURE! - in CucumberTest
Client sign up successfully(Client sign up)  Time elapsed: 3.649 s  <<< ERROR!
java.lang.IllegalStateException: The driver executable does not exist: C:\Users\everis\Documents\Everis\Informacion\Cap Auto\Selenium-Framework\src\test\resources\drivers\windows\chromedriver

